<?xml version="1.0" encoding="UTF-8"?>
<!-- Generated by org.testng.reporters.JUnitXMLReporter -->
<testsuite hostname="ADMINIB-U0RGV7D" ignored="0" name="Default test" tests="4" failures="0" timestamp="09 May 2017 08:49:49 GMT" time="37.234" errors="0">
  <testcase name="VerifyCurrentWindow" time="0.01" classname="TestCases.Flipkart.com.ProductSearch"/>
  <testcase name="VerifyTitle" time="0.053" classname="TestCases.Flipkart.com.ProductSearch"/>
  <testcase name="VerifyURL" time="0.026" classname="TestCases.Flipkart.com.ProductSearch"/>
  <testcase name="searchiphone6" time="23.53" classname="TestCases.Flipkart.com.ProductSearch"/>
</testsuite> <!-- Default test -->
