<?xml version="1.0" encoding="UTF-8"?>
<!-- Generated by org.testng.reporters.JUnitXMLReporter -->
<testsuite hostname="ADMINIB-U0RGV7D" ignored="0" name="Default test" tests="3" failures="0" timestamp="09 May 2017 01:16:34 GMT" time="12.057" errors="0">
  <testcase name="VerifyCurrentWindow" time="0.014" classname="TestCases.Flipkart.com.ProductSearch"/>
  <testcase name="VerifyTitle" time="0.046" classname="TestCases.Flipkart.com.ProductSearch"/>
  <testcase name="VerifyURL" time="0.046" classname="TestCases.Flipkart.com.ProductSearch"/>
</testsuite> <!-- Default test -->
