<?xml version="1.0" encoding="UTF-8"?>
<!-- Generated by org.testng.reporters.JUnitXMLReporter -->
<testsuite hostname="ADMINIB-U0RGV7D" ignored="0" name="Test" tests="4" failures="0" timestamp="09 May 2017 01:23:18 GMT" time="39.666" errors="0">
  <testcase name="VerifyCurrentWindow" time="0.02" classname="TestCases.Flipkart.com.ProductSearch"/>
  <testcase name="VerifyTitle" time="0.048" classname="TestCases.Flipkart.com.ProductSearch"/>
  <testcase name="VerifyURL" time="0.059" classname="TestCases.Flipkart.com.ProductSearch"/>
  <testcase name="searchiphone6" time="28.299" classname="TestCases.Flipkart.com.ProductSearch"/>
</testsuite> <!-- Test -->
