<?xml version="1.0" encoding="UTF-8"?>
<!-- Generated by org.testng.reporters.JUnitXMLReporter -->
<testsuite hostname="ADMINIB-U0RGV7D" ignored="0" name="Test" tests="3" failures="0" timestamp="09 May 2017 01:15:06 GMT" time="11.143" errors="0">
  <testcase name="VerifyCurrentWindow" time="0.02" classname="TestCases.Flipkart.com.ProductSearch"/>
  <testcase name="VerifyTitle" time="0.051" classname="TestCases.Flipkart.com.ProductSearch"/>
  <testcase name="VerifyURL" time="0.055" classname="TestCases.Flipkart.com.ProductSearch"/>
</testsuite> <!-- Test -->
