<?xml version="1.0" encoding="UTF-8"?>
<testng-results skipped="0" failed="0" ignored="0" total="1" passed="1">
  <reporter-output>
  </reporter-output>
  <suite name="Suite" duration-ms="309" started-at="2017-05-09T01:00:04Z" finished-at="2017-05-09T01:00:04Z">
    <groups>
    </groups>
    <test name="Test" duration-ms="309" started-at="2017-05-09T01:00:04Z" finished-at="2017-05-09T01:00:04Z">
      <class name="TestCases.Flipkart.com.ProductSearch">
        <test-method status="PASS" signature="VerifyTitle()[pri:0, instance:TestCases.Flipkart.com.ProductSearch@27efef64]" name="VerifyTitle" duration-ms="23" started-at="2017-05-09T06:30:04Z" finished-at="2017-05-09T06:30:04Z">
          <reporter-output>
          </reporter-output>
        </test-method> <!-- VerifyTitle -->
        <test-method status="PASS" signature="TearDown()[pri:0, instance:TestCases.Flipkart.com.ProductSearch@27efef64]" name="TearDown" is-config="true" duration-ms="0" started-at="2017-05-09T06:30:04Z" finished-at="2017-05-09T06:30:04Z">
          <reporter-output>
          </reporter-output>
        </test-method> <!-- TearDown -->
      </class> <!-- TestCases.Flipkart.com.ProductSearch -->
    </test> <!-- Test -->
  </suite> <!-- Suite -->
</testng-results>
